Case #0: our language is impossible to understand
Case #1: there are twenty six factorial possibilities
Case #2: so it is okay if you want to just give up
Case #3: xoggk d yl wxo vkkvgo ekso uyl wonw sywy
Case #4: xkf yto akj
Case #5: yabba dabba yabba dabba yabba dabba yabba dabba yabba dabba yabba dabba yabba dabba yabba dooooooooo
Case #6: a b c d e f g h i j k l m n o p q r s t u v y w x y z now i know my abcs
Case #7: next time wont you sing with me
Case #8: for those who speak in a tongue do not speak to other people
Case #9: nobody understands them since they are speaking mysteries in the spirit
Case #10: this is so exciting i have to go the bathroom
Case #11: it was the best of times it was the blurst of times
Case #12: let lips do what hands do
Case #13: this here is gunpowder activated twenty seven caliber full auto no kickback nailthrowing mayhem
Case #14: i have bested fruit spike and moon now i shall best you the guy
Case #15: oh hai im in ur computer eating your cheezburgers and googleresing your textz
Case #16: an eye for an eye and a pigeon for a pigeon
Case #17: all your base are belong to error the spoony bard
Case #18: you pissed off the chicken lady
Case #19: now is the summer of our lack of discontent
Case #20: by the pricking of my thumbs something wicked this way comes
Case #21: in a world of direwolves and lions sometimes the rarest creature is a friend
Case #22: greetings cheese popsicle the number you have dialed is currently out of porkchops
Case #23: why do programmers always mix up halloween and christmas
Case #24: im commander shepard and this is my favorite problem on the google code jam
Case #25: f of two equals f of one equals one
Case #26: for i between three and n f of i equals f of i minus one plus f of i minus two
Case #27: how are you holding up because im a potato
Case #28: dr zaius dr zaius dr zaius dr zaius ooooooooooooh dr zaius
Case #29: whoooooooooooooooooooaaaaaaaaa i know c plus plus
